<?xml version="1.0" encoding="UTF-8"?>
<testng-results skipped="0" failed="3" total="6" passed="3">
  <reporter-output>
  </reporter-output>
  <suite name="Suite" duration-ms="7179" started-at="2014-07-31T10:52:51Z" finished-at="2014-07-31T10:52:58Z">
    <groups>
    </groups>
    <test name="Lanzador test Idealista TestNG without parallel (safari)" duration-ms="3512" started-at="2014-07-31T10:52:51Z" finished-at="2014-07-31T10:52:55Z">
      <class name="com.pruebas.seleniumGridTestNG.dataDrivenParallelXML.LanzadorIdealistaTestNG">
        <test-method status="PASS" signature="generoDriver(java.lang.String, java.lang.String, java.lang.String, java.lang.String)[pri:0, instance:com.pruebas.seleniumGridTestNG.dataDrivenParallelXML.LanzadorIdealistaTestNG@df4cbee]" name="generoDriver" duration-ms="1959" started-at="2014-07-31T12:52:51Z" finished-at="2014-07-31T12:52:53Z">
          <params>
            <param index="0">
              <value>
                <![CDATA[safari]]>
              </value>
            </param>
            <param index="1">
              <value>
                <![CDATA[MAC]]>
              </value>
            </param>
            <param index="2">
              <value>
                <![CDATA[]]>
              </value>
            </param>
            <param index="3">
              <value>
                <![CDATA[http://localhost:4444/wd/hub]]>
              </value>
            </param>
          </params>
          <reporter-output>
          </reporter-output>
        </test-method> <!-- generoDriver -->
        <test-method status="FAIL" signature="ComprarDeactivateHabitacionVacacional()[pri:0, instance:com.pruebas.seleniumGridTestNG.dataDrivenParallelXML.LanzadorIdealistaTestNG@df4cbee]" name="ComprarDeactivateHabitacionVacacional" duration-ms="1428" started-at="2014-07-31T12:52:53Z" depends-on-methods="com.pruebas.seleniumGridTestNG.dataDrivenParallelXML.LanzadorIdealistaTestNG.generoDriver" finished-at="2014-07-31T12:52:55Z">
          <exception class="java.lang.AssertionError">
            <message>
              <![CDATA[The following asserts failed:
true, true]]>
            </message>
            <full-stacktrace>
              <![CDATA[java.lang.AssertionError: The following asserts failed:
true, true
	at org.testng.asserts.SoftAssert.assertAll(SoftAssert.java:37)
	at com.pruebas.seleniumGridTestNG.dataDrivenParallelXML.ManejadorPrograma.logicaPrograma(ManejadorPrograma.java:65)
	at com.pruebas.seleniumGridTestNG.dataDrivenParallelXML.LanzadorIdealistaTestNG.ComprarDeactivateHabitacionVacacional(LanzadorIdealistaTestNG.java:115)
	at sun.reflect.NativeMethodAccessorImpl.invoke0(Native Method)
	at sun.reflect.NativeMethodAccessorImpl.invoke(NativeMethodAccessorImpl.java:39)
	at sun.reflect.DelegatingMethodAccessorImpl.invoke(DelegatingMethodAccessorImpl.java:25)
	at java.lang.reflect.Method.invoke(Method.java:597)
	at org.testng.internal.MethodInvocationHelper.invokeMethod(MethodInvocationHelper.java:80)
	at org.testng.internal.Invoker.invokeMethod(Invoker.java:714)
	at org.testng.internal.Invoker.invokeTestMethod(Invoker.java:901)
	at org.testng.internal.Invoker.invokeTestMethods(Invoker.java:1231)
	at org.testng.internal.TestMethodWorker.invokeTestMethods(TestMethodWorker.java:127)
	at org.testng.internal.TestMethodWorker.run(TestMethodWorker.java:111)
	at org.testng.TestRunner.privateRun(TestRunner.java:767)
	at org.testng.TestRunner.run(TestRunner.java:617)
	at org.testng.SuiteRunner.runTest(SuiteRunner.java:334)
	at org.testng.SuiteRunner.access$000(SuiteRunner.java:37)
	at org.testng.SuiteRunner$SuiteWorker.run(SuiteRunner.java:368)
	at org.testng.internal.thread.ThreadUtil$2.call(ThreadUtil.java:64)
	at java.util.concurrent.FutureTask$Sync.innerRun(FutureTask.java:303)
	at java.util.concurrent.FutureTask.run(FutureTask.java:138)
	at java.util.concurrent.ThreadPoolExecutor$Worker.runTask(ThreadPoolExecutor.java:895)
	at java.util.concurrent.ThreadPoolExecutor$Worker.run(ThreadPoolExecutor.java:918)
	at java.lang.Thread.run(Thread.java:695)
]]>
            </full-stacktrace>
          </exception> <!-- java.lang.AssertionError -->
          <reporter-output>
          </reporter-output>
        </test-method> <!-- ComprarDeactivateHabitacionVacacional -->
        <test-method status="PASS" signature="tearDown()[pri:0, instance:com.pruebas.seleniumGridTestNG.dataDrivenParallelXML.LanzadorIdealistaTestNG@df4cbee]" name="tearDown" is-config="true" duration-ms="98" started-at="2014-07-31T12:52:55Z" finished-at="2014-07-31T12:52:55Z">
          <reporter-output>
          </reporter-output>
        </test-method> <!-- tearDown -->
      </class> <!-- com.pruebas.seleniumGridTestNG.dataDrivenParallelXML.LanzadorIdealistaTestNG -->
    </test> <!-- Lanzador test Idealista TestNG without parallel (safari) -->
    <test name="Lanzador test Idealista TestNG without parallel (chrome)" duration-ms="6549" started-at="2014-07-31T10:52:51Z" finished-at="2014-07-31T10:52:58Z">
      <class name="com.pruebas.seleniumGridTestNG.dataDrivenParallelXML.LanzadorIdealistaTestNG">
        <test-method status="PASS" signature="generoDriver(java.lang.String, java.lang.String, java.lang.String, java.lang.String)[pri:0, instance:com.pruebas.seleniumGridTestNG.dataDrivenParallelXML.LanzadorIdealistaTestNG@1ff82982]" name="generoDriver" duration-ms="2589" started-at="2014-07-31T12:52:51Z" finished-at="2014-07-31T12:52:54Z">
          <params>
            <param index="0">
              <value>
                <![CDATA[chrome]]>
              </value>
            </param>
            <param index="1">
              <value>
                <![CDATA[MAC]]>
              </value>
            </param>
            <param index="2">
              <value>
                <![CDATA[]]>
              </value>
            </param>
            <param index="3">
              <value>
                <![CDATA[http://localhost:4444/wd/hub]]>
              </value>
            </param>
          </params>
          <reporter-output>
          </reporter-output>
        </test-method> <!-- generoDriver -->
        <test-method status="FAIL" signature="ComprarDeactivateHabitacionVacacional()[pri:0, instance:com.pruebas.seleniumGridTestNG.dataDrivenParallelXML.LanzadorIdealistaTestNG@1ff82982]" name="ComprarDeactivateHabitacionVacacional" duration-ms="3258" started-at="2014-07-31T12:52:54Z" depends-on-methods="com.pruebas.seleniumGridTestNG.dataDrivenParallelXML.LanzadorIdealistaTestNG.generoDriver" finished-at="2014-07-31T12:52:57Z">
          <exception class="java.lang.AssertionError">
            <message>
              <![CDATA[The following asserts failed:
true, true]]>
            </message>
            <full-stacktrace>
              <![CDATA[java.lang.AssertionError: The following asserts failed:
true, true
	at org.testng.asserts.SoftAssert.assertAll(SoftAssert.java:37)
	at com.pruebas.seleniumGridTestNG.dataDrivenParallelXML.ManejadorPrograma.logicaPrograma(ManejadorPrograma.java:65)
	at com.pruebas.seleniumGridTestNG.dataDrivenParallelXML.LanzadorIdealistaTestNG.ComprarDeactivateHabitacionVacacional(LanzadorIdealistaTestNG.java:115)
	at sun.reflect.NativeMethodAccessorImpl.invoke0(Native Method)
	at sun.reflect.NativeMethodAccessorImpl.invoke(NativeMethodAccessorImpl.java:39)
	at sun.reflect.DelegatingMethodAccessorImpl.invoke(DelegatingMethodAccessorImpl.java:25)
	at java.lang.reflect.Method.invoke(Method.java:597)
	at org.testng.internal.MethodInvocationHelper.invokeMethod(MethodInvocationHelper.java:80)
	at org.testng.internal.Invoker.invokeMethod(Invoker.java:714)
	at org.testng.internal.Invoker.invokeTestMethod(Invoker.java:901)
	at org.testng.internal.Invoker.invokeTestMethods(Invoker.java:1231)
	at org.testng.internal.TestMethodWorker.invokeTestMethods(TestMethodWorker.java:127)
	at org.testng.internal.TestMethodWorker.run(TestMethodWorker.java:111)
	at org.testng.TestRunner.privateRun(TestRunner.java:767)
	at org.testng.TestRunner.run(TestRunner.java:617)
	at org.testng.SuiteRunner.runTest(SuiteRunner.java:334)
	at org.testng.SuiteRunner.access$000(SuiteRunner.java:37)
	at org.testng.SuiteRunner$SuiteWorker.run(SuiteRunner.java:368)
	at org.testng.internal.thread.ThreadUtil$2.call(ThreadUtil.java:64)
	at java.util.concurrent.FutureTask$Sync.innerRun(FutureTask.java:303)
	at java.util.concurrent.FutureTask.run(FutureTask.java:138)
	at java.util.concurrent.ThreadPoolExecutor$Worker.runTask(ThreadPoolExecutor.java:895)
	at java.util.concurrent.ThreadPoolExecutor$Worker.run(ThreadPoolExecutor.java:918)
	at java.lang.Thread.run(Thread.java:695)
]]>
            </full-stacktrace>
          </exception> <!-- java.lang.AssertionError -->
          <reporter-output>
          </reporter-output>
        </test-method> <!-- ComprarDeactivateHabitacionVacacional -->
        <test-method status="PASS" signature="tearDown()[pri:0, instance:com.pruebas.seleniumGridTestNG.dataDrivenParallelXML.LanzadorIdealistaTestNG@1ff82982]" name="tearDown" is-config="true" duration-ms="667" started-at="2014-07-31T12:52:57Z" finished-at="2014-07-31T12:52:58Z">
          <reporter-output>
          </reporter-output>
        </test-method> <!-- tearDown -->
      </class> <!-- com.pruebas.seleniumGridTestNG.dataDrivenParallelXML.LanzadorIdealistaTestNG -->
    </test> <!-- Lanzador test Idealista TestNG without parallel (chrome) -->
    <test name="Lanzador test Idealista TestNG without parallel (firefox)" duration-ms="7179" started-at="2014-07-31T10:52:51Z" finished-at="2014-07-31T10:52:58Z">
      <class name="com.pruebas.seleniumGridTestNG.dataDrivenParallelXML.LanzadorIdealistaTestNG">
        <test-method status="PASS" signature="generoDriver(java.lang.String, java.lang.String, java.lang.String, java.lang.String)[pri:0, instance:com.pruebas.seleniumGridTestNG.dataDrivenParallelXML.LanzadorIdealistaTestNG@4839e5b5]" name="generoDriver" duration-ms="5796" started-at="2014-07-31T12:52:51Z" finished-at="2014-07-31T12:52:57Z">
          <params>
            <param index="0">
              <value>
                <![CDATA[firefox]]>
              </value>
            </param>
            <param index="1">
              <value>
                <![CDATA[MAC]]>
              </value>
            </param>
            <param index="2">
              <value>
                <![CDATA[31.0]]>
              </value>
            </param>
            <param index="3">
              <value>
                <![CDATA[http://localhost:4444/wd/hub]]>
              </value>
            </param>
          </params>
          <reporter-output>
          </reporter-output>
        </test-method> <!-- generoDriver -->
        <test-method status="FAIL" signature="ComprarDeactivateHabitacionVacacional()[pri:0, instance:com.pruebas.seleniumGridTestNG.dataDrivenParallelXML.LanzadorIdealistaTestNG@4839e5b5]" name="ComprarDeactivateHabitacionVacacional" duration-ms="1256" started-at="2014-07-31T12:52:57Z" depends-on-methods="com.pruebas.seleniumGridTestNG.dataDrivenParallelXML.LanzadorIdealistaTestNG.generoDriver" finished-at="2014-07-31T12:52:58Z">
          <exception class="java.lang.AssertionError">
            <message>
              <![CDATA[The following asserts failed:
true, true]]>
            </message>
            <full-stacktrace>
              <![CDATA[java.lang.AssertionError: The following asserts failed:
true, true
	at org.testng.asserts.SoftAssert.assertAll(SoftAssert.java:37)
	at com.pruebas.seleniumGridTestNG.dataDrivenParallelXML.ManejadorPrograma.logicaPrograma(ManejadorPrograma.java:65)
	at com.pruebas.seleniumGridTestNG.dataDrivenParallelXML.LanzadorIdealistaTestNG.ComprarDeactivateHabitacionVacacional(LanzadorIdealistaTestNG.java:115)
	at sun.reflect.NativeMethodAccessorImpl.invoke0(Native Method)
	at sun.reflect.NativeMethodAccessorImpl.invoke(NativeMethodAccessorImpl.java:39)
	at sun.reflect.DelegatingMethodAccessorImpl.invoke(DelegatingMethodAccessorImpl.java:25)
	at java.lang.reflect.Method.invoke(Method.java:597)
	at org.testng.internal.MethodInvocationHelper.invokeMethod(MethodInvocationHelper.java:80)
	at org.testng.internal.Invoker.invokeMethod(Invoker.java:714)
	at org.testng.internal.Invoker.invokeTestMethod(Invoker.java:901)
	at org.testng.internal.Invoker.invokeTestMethods(Invoker.java:1231)
	at org.testng.internal.TestMethodWorker.invokeTestMethods(TestMethodWorker.java:127)
	at org.testng.internal.TestMethodWorker.run(TestMethodWorker.java:111)
	at org.testng.TestRunner.privateRun(TestRunner.java:767)
	at org.testng.TestRunner.run(TestRunner.java:617)
	at org.testng.SuiteRunner.runTest(SuiteRunner.java:334)
	at org.testng.SuiteRunner.access$000(SuiteRunner.java:37)
	at org.testng.SuiteRunner$SuiteWorker.run(SuiteRunner.java:368)
	at org.testng.internal.thread.ThreadUtil$2.call(ThreadUtil.java:64)
	at java.util.concurrent.FutureTask$Sync.innerRun(FutureTask.java:303)
	at java.util.concurrent.FutureTask.run(FutureTask.java:138)
	at java.util.concurrent.ThreadPoolExecutor$Worker.runTask(ThreadPoolExecutor.java:895)
	at java.util.concurrent.ThreadPoolExecutor$Worker.run(ThreadPoolExecutor.java:918)
	at java.lang.Thread.run(Thread.java:695)
]]>
            </full-stacktrace>
          </exception> <!-- java.lang.AssertionError -->
          <reporter-output>
          </reporter-output>
        </test-method> <!-- ComprarDeactivateHabitacionVacacional -->
        <test-method status="PASS" signature="tearDown()[pri:0, instance:com.pruebas.seleniumGridTestNG.dataDrivenParallelXML.LanzadorIdealistaTestNG@4839e5b5]" name="tearDown" is-config="true" duration-ms="102" started-at="2014-07-31T12:52:58Z" finished-at="2014-07-31T12:52:58Z">
          <reporter-output>
          </reporter-output>
        </test-method> <!-- tearDown -->
      </class> <!-- com.pruebas.seleniumGridTestNG.dataDrivenParallelXML.LanzadorIdealistaTestNG -->
    </test> <!-- Lanzador test Idealista TestNG without parallel (firefox) -->
  </suite> <!-- Suite -->
</testng-results>
